2024-05-22 13:49:22 [main] INFO  org.abol.springstarter.SpringstarterApplication - Starting SpringstarterApplication using Java 21.0.2 with PID 2500 (C:\Users\rahee\Desktop\springstarter\target\classes started by rahee in C:\Users\rahee\Desktop\springstarter)
2024-05-22 13:49:22 [main] INFO  org.abol.springstarter.SpringstarterApplication - No active profile set, falling back to 1 default profile: "default"
2024-05-22 13:49:23 [main] INFO  org.springframework.boot.web.embedded.tomcat.TomcatWebServer - Tomcat initialized with port 8082 (http)
2024-05-22 13:49:23 [main] INFO  org.springframework.boot.web.servlet.context.ServletWebServerApplicationContext - Root WebApplicationContext: initialization completed in 1126 ms
2024-05-22 13:49:24 [main] INFO  org.springframework.boot.web.embedded.tomcat.TomcatWebServer - Tomcat started on port 8082 (http) with context path ''
2024-05-22 13:49:24 [main] INFO  org.abol.springstarter.SpringstarterApplication - Started SpringstarterApplication in 2.23 seconds (process running for 3.082)
2024-05-22 13:50:03 [http-nio-8082-exec-3] INFO  org.springframework.web.servlet.DispatcherServlet - Initializing Servlet 'dispatcherServlet'
2024-05-22 13:50:03 [http-nio-8082-exec-3] INFO  org.springframework.web.servlet.DispatcherServlet - Completed initialization in 1 ms
2024-05-22 13:50:03 [http-nio-8082-exec-3] INFO  org.abol.springstarter.controllers.UserController - Displaying registration form
2024-05-22 13:51:13 [http-nio-8082-exec-5] INFO  org.abol.springstarter.controllers.UserController - User saved: BaseUser(name=ray, email=rya@gmail.com, tel=3334444, password=Password123, refer=facebook, contact=email, terms=true)
2024-05-22 13:52:22 [http-nio-8082-exec-4] INFO  org.abol.springstarter.controllers.UserController - Displaying all users
2024-05-22 13:54:11 [http-nio-8082-exec-3] INFO  org.abol.springstarter.controllers.UserController - User updated: BaseUser(name=sam, email=rya@gmail.com, tel=3334444, password=PpaodhfoiasE44, refer=facebook, contact=email, terms=true)
2024-05-22 13:54:11 [http-nio-8082-exec-2] INFO  org.abol.springstarter.controllers.UserController - Displaying all users
2024-05-22 13:54:32 [http-nio-8082-exec-6] INFO  org.abol.springstarter.controllers.UserController - Displaying registration form
2024-05-22 13:55:03 [http-nio-8082-exec-10] INFO  org.abol.springstarter.controllers.UserController - User saved: BaseUser(name=tim, email=tim@gmail.com, tel=3335555, password=Passssoe22, refer=facebook, contact=email, terms=true)
2024-05-22 13:55:05 [http-nio-8082-exec-1] INFO  org.abol.springstarter.controllers.UserController - Displaying all users
2024-05-22 13:55:08 [http-nio-8082-exec-4] INFO  org.abol.springstarter.controllers.UserController - Deleting user at index 0
2024-05-22 13:55:08 [http-nio-8082-exec-8] INFO  org.abol.springstarter.controllers.UserController - Displaying all users
2024-05-22 13:55:17 [http-nio-8082-exec-9] INFO  org.abol.springstarter.controllers.UserController - Deleting user at index 0
2024-05-22 13:55:17 [http-nio-8082-exec-7] INFO  org.abol.springstarter.controllers.UserController - Displaying all users
2024-05-22 13:55:56 [http-nio-8082-exec-3] INFO  org.abol.springstarter.controllers.UserController - Displaying registration form
2024-05-22 13:56:15 [http-nio-8082-exec-6] INFO  org.abol.springstarter.controllers.UserController - User saved: BaseUser(name=jim, email=jim@gmail.com, tel=5557777, password=pAaslkdf33, refer=facebook, contact=email, terms=true)
2024-05-22 13:56:17 [http-nio-8082-exec-5] INFO  org.abol.springstarter.controllers.UserController - Displaying all users
2024-05-22 13:59:31 [http-nio-8082-exec-8] INFO  org.abol.springstarter.controllers.UserController - User updated: BaseUser(name=jimmy, email=jim@gmail.com, tel=5557777, password=Pasljfdlkj3, refer=facebook, contact=email, terms=true)
2024-05-22 13:59:31 [http-nio-8082-exec-9] INFO  org.abol.springstarter.controllers.UserController - Displaying all users
2024-05-22 13:59:33 [http-nio-8082-exec-7] INFO  org.abol.springstarter.controllers.UserController - Displaying registration form
2024-05-22 13:59:53 [http-nio-8082-exec-3] INFO  org.abol.springstarter.controllers.UserController - User saved: BaseUser(name=sam, email=sma@gmail.com, tel=2223333, password=Passowerd2, refer=facebook, contact=phone, terms=true)
2024-05-22 13:59:53 [http-nio-8082-exec-2] INFO  org.abol.springstarter.controllers.UserController - Displaying all users
2024-05-22 14:00:28 [http-nio-8082-exec-6] INFO  org.abol.springstarter.controllers.UserController - Deleting user at index 1
2024-05-22 14:00:28 [http-nio-8082-exec-5] INFO  org.abol.springstarter.controllers.UserController - Displaying all users
2024-05-22 14:00:42 [http-nio-8082-exec-1] INFO  org.abol.springstarter.controllers.UserController - Deleting user at index 0
2024-05-22 14:00:42 [http-nio-8082-exec-4] INFO  org.abol.springstarter.controllers.UserController - Displaying all users
